This is pdfTeX, Version 3.1415926-2.5-1.40.14 (TeX Live 2013) (format=pdflatex 2019.1.11)  12 FEB 2019 10:15
entering extended mode
 restricted \write18 enabled.
 %&-line parsing enabled.
**gene.tex
(./gene.tex
LaTeX2e <2011/06/27>
Babel <v3.8m> and hyphenation patterns for english, dumylang, nohyphenation, lo
aded.
(/usr/share/texlive/texmf-dist/tex/latex/base/article.cls
Document Class: article 2007/10/19 v1.4h Standard LaTeX document class
(/usr/share/texlive/texmf-dist/tex/latex/base/size12.clo
File: size12.clo 2007/10/19 v1.4h Standard LaTeX file (size option)
)
\c@part=\count79
\c@section=\count80
\c@subsection=\count81
\c@subsubsection=\count82
\c@paragraph=\count83
\c@subparagraph=\count84
\c@figure=\count85
\c@table=\count86
\abovecaptionskip=\skip41
\belowcaptionskip=\skip42
\bibindent=\dimen102
)
(/usr/share/texlive/texmf-dist/tex/latex/amsfonts/amsfonts.sty
Package: amsfonts 2013/01/14 v3.01 Basic AMSFonts support
\@emptytoks=\toks14
\symAMSa=\mathgroup4
\symAMSb=\mathgroup5
LaTeX Font Info:    Overwriting math alphabet `\mathfrak' in version `bold'
(Font)                  U/euf/m/n --> U/euf/b/n on input line 106.
)
(/usr/share/texlive/texmf-dist/tex/latex/hyperref/hyperref.sty
Package: hyperref 2012/11/06 v6.83m Hypertext links for LaTeX

(/usr/share/texlive/texmf-dist/tex/generic/oberdiek/hobsub-hyperref.sty
Package: hobsub-hyperref 2012/05/28 v1.13 Bundle oberdiek, subset hyperref (HO)


(/usr/share/texlive/texmf-dist/tex/generic/oberdiek/hobsub-generic.sty
Package: hobsub-generic 2012/05/28 v1.13 Bundle oberdiek, subset generic (HO)
Package: hobsub 2012/05/28 v1.13 Construct package bundles (HO)
Package: infwarerr 2010/04/08 v1.3 Providing info/warning/error messages (HO)
Package: ltxcmds 2011/11/09 v1.22 LaTeX kernel commands for general use (HO)
Package: ifluatex 2010/03/01 v1.3 Provides the ifluatex switch (HO)
Package ifluatex Info: LuaTeX not detected.
Package: ifvtex 2010/03/01 v1.5 Detect VTeX and its facilities (HO)
Package ifvtex Info: VTeX not detected.
Package: intcalc 2007/09/27 v1.1 Expandable calculations with integers (HO)
Package: ifpdf 2011/01/30 v2.3 Provides the ifpdf switch (HO)
Package ifpdf Info: pdfTeX in PDF mode is detected.
Package: etexcmds 2011/02/16 v1.5 Avoid name clashes with e-TeX commands (HO)
Package etexcmds Info: Could not find \expanded.
(etexcmds)             That can mean that you are not using pdfTeX 1.50 or
(etexcmds)             that some package has redefined \expanded.
(etexcmds)             In the latter case, load this package earlier.
Package: kvsetkeys 2012/04/25 v1.16 Key value parser (HO)
Package: kvdefinekeys 2011/04/07 v1.3 Define keys (HO)
Package: pdftexcmds 2011/11/29 v0.20 Utility functions of pdfTeX for LuaTeX (HO
)
Package pdftexcmds Info: LuaTeX not detected.
Package pdftexcmds Info: \pdf@primitive is available.
Package pdftexcmds Info: \pdf@ifprimitive is available.
Package pdftexcmds Info: \pdfdraftmode found.
Package: pdfescape 2011/11/25 v1.13 Implements pdfTeX's escape features (HO)
Package: bigintcalc 2012/04/08 v1.3 Expandable calculations on big integers (HO
)
Package: bitset 2011/01/30 v1.1 Handle bit-vector datatype (HO)
Package: uniquecounter 2011/01/30 v1.2 Provide unlimited unique counter (HO)
)
Package hobsub Info: Skipping package `hobsub' (already loaded).
Package: letltxmacro 2010/09/02 v1.4 Let assignment for LaTeX macros (HO)
Package: hopatch 2012/05/28 v1.2 Wrapper for package hooks (HO)
Package: xcolor-patch 2011/01/30 xcolor patch
Package: atveryend 2011/06/30 v1.8 Hooks at the very end of document (HO)
Package atveryend Info: \enddocument detected (standard20110627).
Package: atbegshi 2011/10/05 v1.16 At begin shipout hook (HO)
Package: refcount 2011/10/16 v3.4 Data extraction from label references (HO)
Package: hycolor 2011/01/30 v1.7 Color options for hyperref/bookmark (HO)
)
(/usr/share/texlive/texmf-dist/tex/latex/graphics/keyval.sty
Package: keyval 1999/03/16 v1.13 key=value parser (DPC)
\KV@toks@=\toks15
)
(/usr/share/texlive/texmf-dist/tex/generic/ifxetex/ifxetex.sty
Package: ifxetex 2010/09/12 v0.6 Provides ifxetex conditional
)
(/usr/share/texlive/texmf-dist/tex/latex/oberdiek/auxhook.sty
Package: auxhook 2011/03/04 v1.3 Hooks for auxiliary files (HO)
)
(/usr/share/texlive/texmf-dist/tex/latex/oberdiek/kvoptions.sty
Package: kvoptions 2011/06/30 v3.11 Key value format for package options (HO)
)
\@linkdim=\dimen103
\Hy@linkcounter=\count87
\Hy@pagecounter=\count88

(/usr/share/texlive/texmf-dist/tex/latex/hyperref/pd1enc.def
File: pd1enc.def 2012/11/06 v6.83m Hyperref: PDFDocEncoding definition (HO)
)
\Hy@SavedSpaceFactor=\count89

(/usr/share/texlive/texmf-dist/tex/latex/latexconfig/hyperref.cfg
File: hyperref.cfg 2002/06/06 v1.2 hyperref configuration of TeXLive
)
Package hyperref Info: Hyper figures OFF on input line 4443.
Package hyperref Info: Link nesting OFF on input line 4448.
Package hyperref Info: Hyper index ON on input line 4451.
Package hyperref Info: Plain pages OFF on input line 4458.
Package hyperref Info: Backreferencing OFF on input line 4463.
Package hyperref Info: Implicit mode ON; LaTeX internals redefined.
Package hyperref Info: Bookmarks ON on input line 4688.
\c@Hy@tempcnt=\count90

(/usr/share/texlive/texmf-dist/tex/latex/url/url.sty
\Urlmuskip=\muskip10
Package: url 2006/04/12  ver 3.3  Verb mode for urls, etc.
)
LaTeX Info: Redefining \url on input line 5041.
\XeTeXLinkMargin=\dimen104
\Fld@menulength=\count91
\Field@Width=\dimen105
\Fld@charsize=\dimen106
Package hyperref Info: Hyper figures OFF on input line 6295.
Package hyperref Info: Link nesting OFF on input line 6300.
Package hyperref Info: Hyper index ON on input line 6303.
Package hyperref Info: backreferencing OFF on input line 6310.
Package hyperref Info: Link coloring OFF on input line 6315.
Package hyperref Info: Link coloring with OCG OFF on input line 6320.
Package hyperref Info: PDF/A mode OFF on input line 6325.
LaTeX Info: Redefining \ref on input line 6365.
LaTeX Info: Redefining \pageref on input line 6369.
\Hy@abspage=\count92
\c@Item=\count93
\c@Hfootnote=\count94
)

Package hyperref Message: Driver (autodetected): hpdftex.

(/usr/share/texlive/texmf-dist/tex/latex/hyperref/hpdftex.def
File: hpdftex.def 2012/11/06 v6.83m Hyperref driver for pdfTeX
\Fld@listcount=\count95
\c@bookmark@seq@number=\count96

(/usr/share/texlive/texmf-dist/tex/latex/oberdiek/rerunfilecheck.sty
Package: rerunfilecheck 2011/04/15 v1.7 Rerun checks for auxiliary files (HO)
Package uniquecounter Info: New unique counter `rerunfilecheck' on input line 2
82.
)
\Hy@SectionHShift=\skip43
)
(/usr/share/texlive/texmf-dist/tex/latex/graphics/graphicx.sty
Package: graphicx 1999/02/16 v1.0f Enhanced LaTeX Graphics (DPC,SPQR)

(/usr/share/texlive/texmf-dist/tex/latex/graphics/graphics.sty
Package: graphics 2009/02/05 v1.0o Standard LaTeX Graphics (DPC,SPQR)

(/usr/share/texlive/texmf-dist/tex/latex/graphics/trig.sty
Package: trig 1999/03/16 v1.09 sin cos tan (DPC)
)
(/usr/share/texlive/texmf-dist/tex/latex/latexconfig/graphics.cfg
File: graphics.cfg 2010/04/23 v1.9 graphics configuration of TeX Live
)
Package graphics Info: Driver file: pdftex.def on input line 91.

(/usr/share/texlive/texmf-dist/tex/latex/pdftex-def/pdftex.def
File: pdftex.def 2011/05/27 v0.06d Graphics/color for pdfTeX
\Gread@gobject=\count97
))
\Gin@req@height=\dimen107
\Gin@req@width=\dimen108
) (./macros.sty
Package: macros 2011/05/06 tbg
(/usr/share/texlive/texmf-dist/tex/latex/amsmath/amsmath.sty
Package: amsmath 2013/01/14 v2.14 AMS math features
\@mathmargin=\skip44

For additional information on amsmath, use the `?' option.
(/usr/share/texlive/texmf-dist/tex/latex/amsmath/amstext.sty
Package: amstext 2000/06/29 v2.01

(/usr/share/texlive/texmf-dist/tex/latex/amsmath/amsgen.sty
File: amsgen.sty 1999/11/30 v2.0
\@emptytoks=\toks16
\ex@=\dimen109
))
(/usr/share/texlive/texmf-dist/tex/latex/amsmath/amsbsy.sty
Package: amsbsy 1999/11/29 v1.2d
\pmbraise@=\dimen110
)
(/usr/share/texlive/texmf-dist/tex/latex/amsmath/amsopn.sty
Package: amsopn 1999/12/14 v2.01 operator names
)
\inf@bad=\count98
LaTeX Info: Redefining \frac on input line 210.
\uproot@=\count99
\leftroot@=\count100
LaTeX Info: Redefining \overline on input line 306.
\classnum@=\count101
\DOTSCASE@=\count102
LaTeX Info: Redefining \ldots on input line 378.
LaTeX Info: Redefining \dots on input line 381.
LaTeX Info: Redefining \cdots on input line 466.
\Mathstrutbox@=\box26
\strutbox@=\box27
\big@size=\dimen111
LaTeX Font Info:    Redeclaring font encoding OML on input line 566.
LaTeX Font Info:    Redeclaring font encoding OMS on input line 567.
\macc@depth=\count103
\c@MaxMatrixCols=\count104
\dotsspace@=\muskip11
\c@parentequation=\count105
\dspbrk@lvl=\count106
\tag@help=\toks17
\row@=\count107
\column@=\count108
\maxfields@=\count109
\andhelp@=\toks18
\eqnshift@=\dimen112
\alignsep@=\dimen113
\tagshift@=\dimen114
\tagwidth@=\dimen115
\totwidth@=\dimen116
\lineht@=\dimen117
\@envbody=\toks19
\multlinegap=\skip45
\multlinetaggap=\skip46
\mathdisplay@stack=\toks20
LaTeX Info: Redefining \[ on input line 2665.
LaTeX Info: Redefining \] on input line 2666.
))
No file gene.aux.
\openout1 = `gene.aux'.

LaTeX Font Info:    Checking defaults for OML/cmm/m/it on input line 13.
LaTeX Font Info:    ... okay on input line 13.
LaTeX Font Info:    Checking defaults for T1/cmr/m/n on input line 13.
LaTeX Font Info:    ... okay on input line 13.
LaTeX Font Info:    Checking defaults for OT1/cmr/m/n on input line 13.
LaTeX Font Info:    ... okay on input line 13.
LaTeX Font Info:    Checking defaults for OMS/cmsy/m/n on input line 13.
LaTeX Font Info:    ... okay on input line 13.
LaTeX Font Info:    Checking defaults for OMX/cmex/m/n on input line 13.
LaTeX Font Info:    ... okay on input line 13.
LaTeX Font Info:    Checking defaults for U/cmr/m/n on input line 13.
LaTeX Font Info:    ... okay on input line 13.
LaTeX Font Info:    Checking defaults for PD1/pdf/m/n on input line 13.
LaTeX Font Info:    ... okay on input line 13.
\AtBeginShipoutBox=\box28
Package hyperref Info: Link coloring OFF on input line 13.
(/usr/share/texlive/texmf-dist/tex/latex/hyperref/nameref.sty
Package: nameref 2012/10/27 v2.43 Cross-referencing by name of section

(/usr/share/texlive/texmf-dist/tex/generic/oberdiek/gettitlestring.sty
Package: gettitlestring 2010/12/03 v1.4 Cleanup title references (HO)
)
\c@section@level=\count110
)
LaTeX Info: Redefining \ref on input line 13.
LaTeX Info: Redefining \pageref on input line 13.
LaTeX Info: Redefining \nameref on input line 13.
\@outlinefile=\write3
\openout3 = `gene.out'.


(/usr/share/texlive/texmf-dist/tex/context/base/supp-pdf.mkii
[Loading MPS to PDF converter (version 2006.09.02).]
\scratchcounter=\count111
\scratchdimen=\dimen118
\scratchbox=\box29
\nofMPsegments=\count112
\nofMParguments=\count113
\everyMPshowfont=\toks21
\MPscratchCnt=\count114
\MPscratchDim=\dimen119
\MPnumerator=\count115
\makeMPintoPDFobject=\count116
\everyMPtoPDFconversion=\toks22
) (/usr/share/texlive/texmf-dist/tex/latex/oberdiek/epstopdf-base.sty
Package: epstopdf-base 2010/02/09 v2.5 Base part for package epstopdf

(/usr/share/texlive/texmf-dist/tex/latex/oberdiek/grfext.sty
Package: grfext 2010/08/19 v1.1 Manage graphics extensions (HO)
)
Package grfext Info: Graphics extension search list:
(grfext)             [.png,.pdf,.jpg,.mps,.jpeg,.jbig2,.jb2,.PNG,.PDF,.JPG,.JPE
G,.JBIG2,.JB2,.eps]
(grfext)             \AppendGraphicsExtensions on input line 452.

(/usr/share/texlive/texmf-dist/tex/latex/latexconfig/epstopdf-sys.cfg
File: epstopdf-sys.cfg 2010/07/13 v1.3 Configuration of (r)epstopdf for TeX Liv
e
))
LaTeX Font Info:    Try loading font information for U+msa on input line 21.

(/usr/share/texlive/texmf-dist/tex/latex/amsfonts/umsa.fd
File: umsa.fd 2013/01/14 v3.01 AMS symbols A
)
LaTeX Font Info:    Try loading font information for U+msb on input line 21.

(/usr/share/texlive/texmf-dist/tex/latex/amsfonts/umsb.fd
File: umsb.fd 2013/01/14 v3.01 AMS symbols B
)
<gene_logo2.png, id=4, 602.25pt x 200.75pt>
File: gene_logo2.png Graphic file (type png)
 <use gene_logo2.png>
Package pdftex.def Info: gene_logo2.png used on input line 24.
(pdftex.def)             Requested size: 390.0pt x 130.00502pt.
 [1

{/usr/share/texlive/texmf/fonts/map/pdftex/updmap/pdftex.map} <./gene_logo2.png
>]
\tf@toc=\write4
\openout4 = `gene.toc'.

 [2]

LaTeX Warning: Citation `frieman82' on page 3 undefined on input line 56.


LaTeX Warning: Citation `hahm88' on page 3 undefined on input line 56.


LaTeX Warning: Citation `hahmbriz88' on page 3 undefined on input line 56.


LaTeX Warning: Citation `brizard89' on page 3 undefined on input line 56.


LaTeX Warning: Citation `GK07' on page 3 undefined on input line 56.

LaTeX Font Info:    Try loading font information for OMS+cmr on input line 60.
(/usr/share/texlive/texmf-dist/tex/latex/base/omscmr.fd
File: omscmr.fd 1999/05/25 v2.5h Standard LaTeX font definitions
)
LaTeX Font Info:    Font shape `OMS/cmr/m/n' in size <12> not available
(Font)              Font shape `OMS/cmsy/m/n' tried instead on input line 60.
 [3]

LaTeX Warning: Citation `gene1' on page 4 undefined on input line 79.


LaTeX Warning: Citation `gene2' on page 4 undefined on input line 79.


LaTeX Warning: Citation `GENE-webpage' on page 4 undefined on input line 80.


Overfull \hbox (1.72787pt too wide) in paragraph at lines 83--84
[]\OT1/cmr/m/n/12 magnetic field fluc-tu-a-tions per-pen-dic-u-lar and par-al-l
el to the back-ground
 []


Overfull \hbox (1.45442pt too wide) in paragraph at lines 93--101
 []\OT1/cmr/bx/n/12 Neoclassical equi-lib-rium:[] \OT1/cmr/m/n/12 Of-ten, tur-b
u-lent pro-cesses dom-i-nate the trans-
 []


LaTeX Warning: Citation `beer' on page 4 undefined on input line 104.


LaTeX Warning: Citation `beer' on page 4 undefined on input line 118.

[4]

LaTeX Warning: Citation `tracer' on page 5 undefined on input line 126.

[5]

LaTeX Warning: Citation `Arakawa66' on page 6 undefined on input line 165.

[6]

LaTeX Warning: Citation `gene2' on page 7 undefined on input line 225.

[7] [8]
Overfull \hbox (301.60034pt too wide) in paragraph at lines 249--249
[] \OT1/cmtt/m/n/12 git clone https://<USER>@gitta.rzg.mpg.de/\textasciitilde G
ENE/guest/git.py/gene.git -b release-<X.Y> <genedir>[] 
 []


LaTeX Warning: Reference `sec5' on page 9 undefined on input line 266.


Overfull \hbox (34.9497pt too wide) in paragraph at lines 266--274
\OT1/cmr/m/n/12 and also a sep-a-rate file con-tain-ing gen-eral com-pil-ing ru
les (\OT1/cmtt/m/n/12 ./makefiles/rules.mk\OT1/cmr/m/n/12 ).
 []

[9]

LaTeX Warning: Citation `petsc1' on page 10 undefined on input line 285.


LaTeX Warning: Citation `petsc2' on page 10 undefined on input line 285.


LaTeX Warning: Citation `slepc' on page 10 undefined on input line 285.


Underfull \hbox (badness 10000) in paragraph at lines 287--287
[][][]\OT1/cmr/m/n/10 set \OT1/cmtt/m/n/10 --with-scalar-type=complex \OT1/cmr/
m/n/10 at con-fig-u-ra-tion and fur-ther-more
 []


Overfull \hbox (6.22235pt too wide) in paragraph at lines 283--288
\OT1/cmr/m/n/12 mum lin-ear time step, the \OT1/cmr/bx/it/12 com-plex \OT1/cmr/
m/n/12 ver-sion of the (free) PETSC/SLEPC
 []


Overfull \hbox (16.84187pt too wide) in paragraph at lines 291--296
\OT1/cmr/m/n/12 You can also save sub-mit script tem-plates for your ma-chine i
n the $\OMS/cmsy/m/n/12 h$\OT1/cmr/m/sl/12 my[]machine$\OMS/cmsy/m/n/12 i$\OT1/
cmr/m/n/12 /
 []

[10]
Overfull \hbox (13.71043pt too wide) in paragraph at lines 303--328
\OT1/cmr/m/n/12 Once you have a (pre-lim-i-nary) make-file for your ma-chine, g
o to the \OT1/cmtt/m/n/12 ./testsuite
 []


Overfull \hbox (37.92424pt too wide) in paragraph at lines 303--328
\OT1/cmr/m/n/12 proved and tested be-fore it is fi-nally trans-ferred back to \
OT1/cmtt/m/n/12 ./makefiles/$\OMS/cmsy/m/n/12 h$\OT1/cmtt/m/sl/12 my[]machine$\
OMS/cmsy/m/n/12 i$\OT1/cmr/m/n/12 .
 []


Overfull \hbox (30.67432pt too wide) in paragraph at lines 303--328
\OT1/cmr/m/n/12 Note, that changes to the ma-chine spe-cific make-files in \OT1
/cmtt/m/n/12 ./makefiles/$\OMS/cmsy/m/n/12 h$\OT1/cmtt/m/sl/12 my[]machine$\OMS
/cmsy/m/n/12 i$
 []

[11]

LaTeX Font Warning: Font shape `OT1/cmr/bx/sc' undefined
(Font)              using `OT1/cmr/bx/n' instead on input line 338.


Overfull \hbox (14.96022pt too wide) in paragraph at lines 343--349
\OT1/cmr/m/n/12 piler and MPI (e.g., gfor-tran and MPICH, see \OT1/cmtt/m/n/12 
http://hpc.sourceforge.net/\OT1/cmr/m/n/12 ),
 []


Overfull \hbox (7.94678pt too wide) in paragraph at lines 350--356
\OT1/cmr/m/n/12 fore run-ning \OT1/cmr/m/sc/12 Gene \OT1/cmr/m/n/12 , start the
 par-al-lel en-vi-ron-ment via \OT1/cmtt/m/n/12 mpdboot --ncpus=[CPU
 []

[12] [13] [14] [15]

LaTeX Warning: Reference `sec:scanscript' on page 16 undefined on input line 47
7.

[16]
LaTeX Font Info:    Font shape `OT1/cmtt/bx/n' in size <14.4> not available
(Font)              Font shape `OT1/cmtt/m/n' tried instead on input line 488.


LaTeX Warning: Citation `cyclone' on page 17 undefined on input line 496.

LaTeX Font Info:    Font shape `OT1/cmtt/bx/n' in size <12> not available
(Font)              Font shape `OT1/cmtt/m/n' tried instead on input line 498.
[17]
Overfull \hbox (14.31046pt too wide) in paragraph at lines 528--537
\OT1/cmr/m/n/12 times this num-ber; if no thread-safety is pro-vided, OMP[]NUM[
]THREADS
 []

[18]

LaTeX Warning: Reference `sec:scanscript' on page 19 undefined on input line 56
2.


LaTeX Warning: Citation `beer' on page 19 undefined on input line 577.

[19] [20]
Overfull \hbox (5.66513pt too wide) in paragraph at lines 622--626
[]\OT1/cmr/m/n/12 adapts \OT1/cmtt/m/n/12 ly\OT1/cmr/m/n/12 /\OT1/cmtt/m/n/12 k
ymin \OT1/cmr/m/n/12 to be con-sis-tent with \OT1/cmtt/m/n/12 n0[]global \OT1/c
mr/m/n/12 quan-
 []

[21]

LaTeX Warning: Hyper reference `subsec:field-file' on page 22 undefined on inpu
t line 639.


LaTeX Warning: Hyper reference `subsec:mom-file' on page 22 undefined on input 
line 642.


LaTeX Warning: Hyper reference `subsec:nrg-file' on page 22 undefined on input 
line 646.


LaTeX Warning: Hyper reference `subsec:omega-file' on page 22 undefined on inpu
t line 652.


LaTeX Warning: Hyper reference `subsec:vsp-file' on page 22 undefined on input 
line 655.


LaTeX Warning: Hyper reference `subsec:neoclass-file' on page 22 undefined on i
nput line 658.


Overfull \hbox (16.5066pt too wide) in paragraph at lines 657--660
[]\OT1/cmr/m/n/12 time steps be-tween two en-tries in the \OT1/cmtt/m/n/12 neoc
lass.dat
 []


LaTeX Warning: Hyper reference `subsec:energy-file' on page 22 undefined on inp
ut line 661.


Overfull \hbox (4.1566pt too wide) in paragraph at lines 660--663
[]\OT1/cmr/m/n/12 time steps be-tween two en-tries in the \OT1/cmtt/m/n/12 ener
gy.dat
 []


LaTeX Warning: Hyper reference `subsec:energy-file' on page 22 undefined on inp
ut line 665.


Overfull \hbox (16.5066pt too wide) in paragraph at lines 663--667
[]\OT1/cmr/m/n/12 time steps be-tween two en-tries in the \OT1/cmtt/m/n/12 ener
gy3d.dat
 []

LaTeX Font Info:    Try loading font information for OMS+cmtt on input line 668
.
LaTeX Font Info:    No file OMScmtt.fd. on input line 668.

LaTeX Font Warning: Font shape `OMS/cmtt/m/n' undefined
(Font)              using `OMS/cmsy/m/n' instead
(Font)              for symbol `textbraceleft' on input line 668.


Overfull \hbox (63.47768pt too wide) in paragraph at lines 667--670
[]\OT1/cmr/m/n/12 time steps be-tween two en-tries in the \OT1/cmtt/m/n/12 df[]
ky\OMS/cmtt/m/n/12 f\OT1/cmtt/m/n/12 4.4i\OMS/cmtt/m/n/12 g\OT1/cmtt/m/n/12 kx\
OMS/cmtt/m/n/12 f\OT1/cmtt/m/n/12 4.4i\OMS/cmtt/m/n/12 g\OT1/cmtt/m/n/12 .dat
 []


LaTeX Warning: Hyper reference `subsec:triplet-file' on page 22 undefined on in
put line 672.


Overfull \hbox (16.15663pt too wide) in paragraph at lines 670--676
[]\OT1/cmr/m/n/12 time steps be-tween two en-tries in the \OT1/cmtt/m/n/12 trip
let\OMS/cmtt/m/n/12 fg\OT1/cmtt/m/n/12 .dat
 []

[22]

LaTeX Warning: Hyper reference `subsec:chpt-files' on page 23 undefined on inpu
t line 677.


LaTeX Warning: Hyper reference `subsubsec:continue_sim' on page 23 undefined on
 input line 678.


LaTeX Warning: Hyper reference `subsubsec:continue_sim' on page 23 undefined on
 input line 681.

[23]
Overfull \hbox (0.6388pt too wide) in paragraph at lines 711--714
[]\OT1/cmr/m/n/12 enforces hdf5 for-mat for all \OT1/cmtt/m/n/12 checkpoint \OT
1/cmr/m/n/12 file out-
 []

[24]

LaTeX Warning: Hyper reference `subsubsec:continue_sim' on page 25 undefined on
 input line 743.


LaTeX Warning: Hyper reference `subsec:nrg-file' on page 25 undefined on input 
line 759.


LaTeX Warning: Hyper reference `subsec:nrg-file' on page 25 undefined on input 
line 761.

[25]
Overfull \hbox (10.41835pt too wide) in paragraph at lines 767--770
[]\OT1/cmr/m/n/12 switches on au-to-matic de-ter-mi-na-tion of dt[]max. If SLEP
c
 []


Overfull \hbox (3.6566pt too wide) in paragraph at lines 781--787
\OT1/cmr/m/n/12 op-er-a-tor split-ting. Choices are 'EE1' for ex-plicit Eu-ler,
 'RKC2', 'RKC3',
 []

[26]
Overfull \hbox (11.61081pt too wide) in paragraph at lines 793--804
\OT1/cmr/m/n/12 stalled, valid choices are 'largest[]real', 'small-est[]real', 
'largest[]magnitude',
 []


Overfull \hbox (4.20404pt too wide) in paragraph at lines 793--804
\OT1/cmr/m/n/12 additionally, two di-rect solvers 'all[]lapack' (not par-al-lel
ized!) or 'all[]mpl'
 []

[27]
Overfull \hbox (4.71756pt too wide) in paragraph at lines 857--860
\OT1/cmr/m/n/12 the col-li-sion op-er-a-tor con-serv-ing en-ergy and mo-men-tum
, can be 'self[]adj'
 []


LaTeX Warning: Citation `nrlformulary' on page 28 undefined on input line 866.


LaTeX Warning: Citation `HintonHazeltine1976' on page 28 undefined on input lin
e 870.

[28]

LaTeX Warning: Citation `HintonHazeltine1976' on page 29 undefined on input lin
e 880.


LaTeX Warning: Citation `HintonHazeltine1976' on page 29 undefined on input lin
e 894.

[29]

LaTeX Warning: Citation `MorelPoP11' on page 30 undefined on input line 929.


LaTeX Warning: Citation `BanonPhD' on page 30 undefined on input line 929.


LaTeX Warning: Citation `BanonPoP14' on page 30 undefined on input line 929.


Overfull \hbox (5.10886pt too wide) in paragraph at lines 925--930
[]\OT1/cmr/m/n/12 switches on/off an adap-tive $\OML/cmm/m/it/12 x$ \OT1/cmr/m/
n/12 and $\OML/cmm/m/it/12 y$ \OT1/cmr/m/n/12 hy-per-dif-fu-sion which
 []


Overfull \hbox (15.33151pt too wide) in paragraph at lines 932--935
\OT1/cmr/m/n/12 par-al-lel di-rec-tion; the lat-ter is de-fined by $\OML/cmm/m/
it/12 D[] \OT1/cmr/m/n/12 = \OMS/cmtt/m/n/12 ^^@\OML/cmm/m/it/12 i[] [] \OT1/cm
r/m/n/12 (^^A\OML/cmm/m/it/12 z=\OT1/cmr/m/n/12 2)[] (\OML/cmm/m/it/12 d=dz\OT1
/cmr/m/n/12 )[]$;
 []

[30] [31]

LaTeX Warning: Hyper reference `subsubsec:continue_sim' on page 32 undefined on
 input line 993.


Overfull \hbox (2.78455pt too wide) in paragraph at lines 992--997
[]\OT1/cmr/m/n/12 Sets the am-pli-tude for Langevin-type
 []


Overfull \hbox (9.69862pt too wide) in paragraph at lines 997--1000
[]\OT1/cmr/m/n/12 Specifies the ini-tial (=tar-get) am-
 []

[32]
Overfull \hbox (1.52846pt too wide) in paragraph at lines 1015--1016
[]\OT1/cmr/m/n/12 number of in-de-pen-dent wavenum-bers to record
 []

[33]

LaTeX Warning: Citation `Hammett06' on page 34 undefined on input line 1039.


Overfull \hbox (2.7237pt too wide) in paragraph at lines 1037--1049
[]\OT1/cmr/m/n/12 This pa-ram-e-ter de-fines a ra-di-ally con-stant ExB shear-
 []

[34]
Overfull \hbox (12.83403pt too wide) in paragraph at lines 1076--1080
[]\OT1/cmr/m/n/12 Switch on/off all im-ple-mented co-mov-ing frame
 []

[35]
Overfull \hbox (2.18593pt too wide) in paragraph at lines 1101--1103
[]\OT1/cmr/m/n/12 magnetic shear pa-ram-e-ter as de-fined by $[] = (\OML/cmm/m/
it/12 ^^Z=q\OT1/cmr/m/n/12 )(\OML/cmm/m/it/12 dq=d^^Z\OT1/cmr/m/n/12 )$
 []

[36]pdfTeX warning (ext4): destination with the same identifier (name{q0}) has 
been already used, duplicate ignored
<to be read again> 
                   \relax 
l.1139 ...m[\hypertarget{q0}{\texttt{q0 [real]:}}]
                                                   safety factor $q$ at the ...

Overfull \hbox (2.18593pt too wide) in paragraph at lines 1140--1142
[]\OT1/cmr/m/n/12 magnetic shear pa-ram-e-ter as de-fined by $[] = (\OML/cmm/m/
it/12 ^^Z=q\OT1/cmr/m/n/12 )(\OML/cmm/m/it/12 dq=d^^Z\OT1/cmr/m/n/12 )$
 []

[37]

LaTeX Warning: Citation `diffusion' on page 38 undefined on input line 1145.

[38]

LaTeX Warning: Reference `subsec:nrg-file' on page 39 undefined on input line 1
201.


Overfull \hbox (5.6357pt too wide) in paragraph at lines 1200--1202
[]\OT1/cmr/m/n/12 Use nor-mal-ized/unnormalized ra-dial pro-
 []


Underfull \hbox (badness 10000) in paragraph at lines 1203--1207

 []

[39]
Overfull \hbox (1.2025pt too wide) in paragraph at lines 1217--1219
[]\OT1/cmr/m/n/12 normalized den-sity gra-di-ent of the present par-ti-cle spec
ies,
 []

[40]
Overfull \hbox (6.63919pt too wide) in paragraph at lines 1232--1235
[]\OT1/cmr/m/n/12 use pro-file data pro-vided in a file named \OT1/cmtt/m/n/12 
profiles[]<species name>
 []


Overfull \hbox (33.76599pt too wide) in paragraph at lines 1240--1245
[]\OT1/cmr/m/n/12 use DIII-D iterdb (onetwo) style pro-file data pro-vided in t
he []\OT1/cmtt/m/n/12 iterdb[]file[]
 []


Overfull \hbox (3.29764pt too wide) in paragraph at lines 1240--1245
\OT1/cmr/m/n/12 (sic), \OT1/cmtt/m/n/12 electron density\OT1/cmr/m/n/12 , \OT1/
cmtt/m/n/12 primary ion density \OT1/cmr/m/n/12 (, \OT1/cmtt/m/n/12 impurity io
n
 []


Overfull \hbox (0.57362pt too wide) in paragraph at lines 1249--1251
\OT1/cmr/m/sc/12 Gene \OT1/cmr/m/n/12 will then use the first \OT1/cmtt/m/n/12 
nspec \OT1/cmr/m/n/12 such namelists, ig-nor-ing oth-ers (if present). 
 []

[41] [42]

LaTeX Warning: Citation `LapillonnePhD' on page 43 undefined on input line 1315
.


LaTeX Warning: Citation `gene2' on page 43 undefined on input line 1315.


LaTeX Warning: Citation `ToldPhD' on page 43 undefined on input line 1315.


LaTeX Warning: Citation `ToldPhD' on page 43 undefined on input line 1317.


Overfull \hbox (16.41164pt too wide) in paragraph at lines 1317--1319
[]\OT1/cmr/m/n/12 amplitude of the krook-type par-ti-cle source[[]] in $\OML/cm
m/m/it/12 c[]=L[]$
 []

[43] [44]

LaTeX Warning: Citation `ToldPhD' on page 45 undefined on input line 1350.

[45]

LaTeX Warning: Hyper reference `sec:tools' on page 46 undefined on input line 1
388.


Overfull \hbox (6.17902pt too wide) in paragraph at lines 1396--1399
\OT1/cmr/m/it/12 pro-cesses \OT1/cmr/m/n/12 within the con-straints set by your
 []\OT1/cmtt/m/n/12 parallelization namelist[]
 []

[46]

LaTeX Warning: Hyper reference `subsec:neoclass-file' on page 47 undefined on i
nput line 1448.

[47]

LaTeX Warning: Reference `sec:scangene' on page 48 undefined on input line 1451
.


LaTeX Warning: Reference `sec:scanoptions' on page 48 undefined on input line 1
460.

[48] [49] [50] [51]
Overfull \hbox (7.16461pt too wide) in paragraph at lines 1707--1709
[]\OT1/cmr/m/n/12 The op-ti-mal com-bi-na-tion of par-al-leliza-tion and \OT1/c
mtt/m/n/12 perf[]vec\OT1/cmr/m/n/12 , how-ever, changes
 []

[52]
Overfull \hbox (1.31885pt too wide) in paragraph at lines 1722--1724
[]\OT1/cmr/m/n/12 An un-fin-ished scan is restarted with the \OT1/cmtt/m/n/12 -
-continue[]scan \OT1/cmr/m/n/12 op-tion. Then
 []


Overfull \hbox (5.29768pt too wide) in paragraph at lines 1731--1734
\OT1/cmtt/m/n/12 chpt[]in = '<full path>' \OT1/cmr/m/n/12 in the \OT1/cmtt/m/n/
12 &scan \OT1/cmr/m/n/12 namelist and \OT1/cmtt/m/n/12 read[]checkpoint
 []

[53]
Underfull \hbox (badness 10000) in paragraph at lines 1764--1768

 []


Overfull \hbox (15.74628pt too wide) in paragraph at lines 1769--1776
 [] 
 []


LaTeX Warning: Reference `sec:normalization' on page 54 undefined on input line
 1777.


Overfull \hbox (33.1889pt too wide) in paragraph at lines 1777--1797
\OT1/cmr/m/n/12 the cor-re-spond-ing con-travari-ant ba-sis vec-tor de-pends on
 the []\OT1/cmtt/m/n/12 norm[]flux[]projection[]
 []

[54]
Overfull \hbox (0.3411pt too wide) in paragraph at lines 1814--1820
\OT1/cmr/m/n/12 Note that $\OML/cmm/m/it/12 A[]$ \OT1/cmr/m/n/12 and $\OML/cmm/
m/it/12 B[]$ \OT1/cmr/m/n/12 are only ap-pended if ac-tu-ally be-ing com-puted,
 i.e. []\OT1/cmtt/m/n/12 beta[]
 []

[55]
Underfull \hbox (badness 10000) in paragraph at lines 1872--1876

 []


LaTeX Warning: Reference `sec:normalization' on page 56 undefined on input line
 1882.

[56]

LaTeX Warning: Reference `sec:normalization' on page 57 undefined on input line
 1921.


Underfull \hbox (badness 10000) in paragraph at lines 1913--1922

 []


Overfull \hbox (44.28635pt too wide) in paragraph at lines 1923--1946
 [] 
 []

[57]

LaTeX Warning: Hyper reference `subsec:energy-file' on page 58 undefined on inp
ut line 1963.


Overfull \hbox (22.42604pt too wide) in paragraph at lines 1963--1964
\OT1/cmr/m/n/12 sat-is-fy-ing the con-di-tion $\OML/cmm/m/it/12 k \OMS/cmtt/m/n
/12 ^^@ \OML/cmm/m/it/12 k[] \OT1/cmr/m/n/12 = \OML/cmm/m/it/12 k[]$\OT1/cmr/m/
n/12 . The triplet di-ag-nos-tic cal-cu-lates wavenumber-
 []


Overfull \hbox (8.12503pt too wide) in paragraph at lines 1963--1964
\OT1/cmr/m/n/12 resolved free-energy trans-fer, op-tion-ally re-solved in dis-t
ri-bu-tion func-tion modes
 []

[58]
Overfull \hbox (7.71376pt too wide) in paragraph at lines 1967--1968
\OT1/cmr/m/n/12 the terms pro-por-tional to $\OML/cmm/m/it/12 g[]^^_[]g[]$ \OT1
/cmr/m/n/12 and $\OML/cmm/m/it/12 ^^_[]^^_[]g[]$ \OT1/cmr/m/n/12 re-spec-tively
. The triplet[]es.dat
 []


Overfull \hbox (2.96814pt too wide) in paragraph at lines 1967--1968
\OT1/cmr/m/n/12 file con-sists of the timestep and an ar-ray of trans-fers for 
each triplet, wavenum-
 []


LaTeX Warning: Reference `subsubsec:inout' on page 59 undefined on input line 1
974.


LaTeX Warning: Reference `subsubsec:inout' on page 59 undefined on input line 1
977.


Overfull \hbox (3.7237pt too wide) in paragraph at lines 1972--1980
\OT1/cmr/m/n/12 Depending on the \OT1/cmtt/m/n/12 write[]checkpoint \OT1/cmr/m/
n/12 and \OT1/cmtt/m/n/12 istep[]schpt \OT1/cmr/m/n/12 set-tings a \OT1/cmtt/m/
n/12 checkpoint
 []


Overfull \hbox (0.94855pt too wide) in paragraph at lines 1984--1987
\OT1/cmr/m/n/12 The \OT1/cmtt/m/n/12 omega \OT1/cmr/m/n/12 file will be writ-te
n in lin-ear ini-tial value sim-u-la-tions if []\OT1/cmtt/m/n/12 istep[]omega[]

 []

[59]

LaTeX Warning: Citation `ToldPhD' on page 60 undefined on input line 2050.

[60] [61] [62] [63] [64] [65] [66]
Overfull \hbox (32.53445pt too wide) in paragraph at lines 2280--2285
\OT1/cmr/m/n/12 par-tic-u-larly able to sup-port num-ber num-ber+letter (\OT1/c
mtt/m/n/12 '1+'= 1,1a,1b,1c,...\OT1/cmr/m/n/12 )
 []


LaTeX Warning: Hyper reference `subsec:nrg-file' on page 67 undefined on input 
line 2294.

[67]
Overfull \hbox (19.8402pt too wide) in paragraph at lines 2300--2304
\OT1/cmr/m/n/12 Please re-port bugs or source code mod-i-fi-ca-tion re-quests t
o []sup-port@genecode.org[].
 []

[68]
\openout2 = `gene-faq.aux'.

 (./gene-faq.tex
Overfull \hbox (7.52922pt too wide) in paragraph at lines 20--23
[]
 []


Overfull \hbox (6.92204pt too wide) in paragraph at lines 24--27
[]|  
 []

) [69

]
Underfull \hbox (badness 10000) in paragraph at lines 2318--2321

 []


Overfull \hbox (15.53258pt too wide) in paragraph at lines 2323--2330
[] 
 []


LaTeX Warning: Reference `sec:units_nml' on page 70 undefined on input line 234
2.


Overfull \hbox (86.23976pt too wide) in paragraph at lines 2332--2344
[] 
 []

[70

]
Underfull \hbox (badness 2781) in paragraph at lines 2394--2395
[]\OT1/cmr/m/n/12 J. D. Huba, NRL re-port, URL []$\OT1/cmtt/m/n/12 http : / / w
wwppd . nrl . navy . mil /
 []

[71]
Package atveryend Info: Empty hook `BeforeClearDocument' on input line 2405.
 [72]
Package atveryend Info: Empty hook `AfterLastShipout' on input line 2405.
 (./gene.aux (./gene-faq.aux))
Package atveryend Info: Executing hook `AtVeryEndDocument' on input line 2405.
Package atveryend Info: Executing hook `AtEndAfterFileList' on input line 2405.



Package rerunfilecheck Warning: File `gene.out' has changed.
(rerunfilecheck)                Rerun to get outlines right
(rerunfilecheck)                or use package `bookmark'.

Package rerunfilecheck Info: Checksums for `gene.out':
(rerunfilecheck)             Before: <no file>
(rerunfilecheck)             After:  6338CFCE86DCAE157C33E28E58615FE4;4351.

LaTeX Font Warning: Some font shapes were not available, defaults substituted.


LaTeX Warning: There were undefined references.


LaTeX Warning: Label(s) may have changed. Rerun to get cross-references right.

Package atveryend Info: Empty hook `AtVeryVeryEnd' on input line 2405.
 ) 
Here is how much of TeX's memory you used:
 6117 strings out of 495063
 87082 string characters out of 3182201
 167996 words of memory out of 3000000
 9003 multiletter control sequences out of 15000+200000
 18205 words of font info for 71 fonts, out of 3000000 for 9000
 14 hyphenation exceptions out of 8191
 34i,11n,30p,1255b,442s stack positions out of 5000i,500n,10000p,200000b,50000s
</usr/share/texlive/texmf-dist/fonts/type1/public/amsfonts/cm/cmbx12.pfb></us
r/share/texlive/texmf-dist/fonts/type1/public/amsfonts/cm/cmbxti10.pfb></usr/sh
are/texlive/texmf-dist/fonts/type1/public/amsfonts/cm/cmcsc10.pfb></usr/share/t
exlive/texmf-dist/fonts/type1/public/amsfonts/cm/cmex10.pfb></usr/share/texlive
/texmf-dist/fonts/type1/public/amsfonts/cm/cmmi12.pfb></usr/share/texlive/texmf
-dist/fonts/type1/public/amsfonts/cm/cmmi6.pfb></usr/share/texlive/texmf-dist/f
onts/type1/public/amsfonts/cm/cmmi8.pfb></usr/share/texlive/texmf-dist/fonts/ty
pe1/public/amsfonts/cm/cmr10.pfb></usr/share/texlive/texmf-dist/fonts/type1/pub
lic/amsfonts/cm/cmr12.pfb></usr/share/texlive/texmf-dist/fonts/type1/public/ams
fonts/cm/cmr17.pfb></usr/share/texlive/texmf-dist/fonts/type1/public/amsfonts/c
m/cmr6.pfb></usr/share/texlive/texmf-dist/fonts/type1/public/amsfonts/cm/cmr7.p
fb></usr/share/texlive/texmf-dist/fonts/type1/public/amsfonts/cm/cmr8.pfb></usr
/share/texlive/texmf-dist/fonts/type1/public/amsfonts/cm/cmsl12.pfb></usr/share
/texlive/texmf-dist/fonts/type1/public/amsfonts/cm/cmsltt10.pfb></usr/share/tex
live/texmf-dist/fonts/type1/public/amsfonts/cm/cmsy10.pfb></usr/share/texlive/t
exmf-dist/fonts/type1/public/amsfonts/cm/cmsy6.pfb></usr/share/texlive/texmf-di
st/fonts/type1/public/amsfonts/cm/cmsy8.pfb></usr/share/texlive/texmf-dist/font
s/type1/public/amsfonts/cm/cmti12.pfb></usr/share/texlive/texmf-dist/fonts/type
1/public/amsfonts/cm/cmtt10.pfb></usr/share/texlive/texmf-dist/fonts/type1/publ
ic/amsfonts/cm/cmtt12.pfb></usr/share/texlive/texmf-dist/fonts/type1/public/ams
fonts/cm/cmtt8.pfb></usr/share/texlive/texmf-dist/fonts/type1/public/amsfonts/s
ymbols/msbm10.pfb>
Output written on gene.pdf (72 pages, 479118 bytes).
PDF statistics:
 727 PDF objects out of 1000 (max. 8388607)
 621 compressed objects within 7 object streams
 234 named destinations out of 1000 (max. 500000)
 6 words of extra memory for PDF output out of 10000 (max. 10000000)

