Compiling the C compiler identification source file "CMakeCCompilerId.c" failed.
Compiler: /opt/cray/pe/craype/2.5.18/bin/ftn 
Build flags: 
Id flags:  

The output was:
1
CMakeCCompilerId.c: file not recognized: file format not recognized


Compilation of the C compiler identification source "CMakeCCompilerId.c" did not produce an executable in "/global/homes/d/damilare/wdmapp_coupling/drv/build/CMakeFiles/3.10.2/CompilerIdC".

Compiling the C compiler identification source file "CMakeCCompilerId.c" failed.
Compiler: /opt/cray/pe/craype/2.5.18/bin/ftn 
Build flags: 
Id flags: -Aa 

The output was:
1
ifort: command line warning #10006: ignoring unknown option '-Aa'
CMakeCCompilerId.c: file not recognized: file format not recognized


Compiling the C compiler identification source file "CMakeCCompilerId.c" failed.
Compiler: /opt/cray/pe/craype/2.5.18/bin/ftn 
Build flags: 
Id flags: -D__CLASSIC_C__ 

The output was:
1
CMakeCCompilerId.c: file not recognized: file format not recognized


Compiling the C compiler identification source file "CMakeCCompilerId.c" failed.
Compiler: /opt/cray/pe/craype/2.5.18/bin/ftn 
Build flags: 
Id flags:  

The output was:
1
CMakeCCompilerId.c: file not recognized: file format not recognized


Compilation of the C compiler identification source "CMakeCCompilerId.c" did not produce an executable in "/global/homes/d/damilare/wdmapp_coupling/drv/build/CMakeFiles/3.10.2/CompilerIdC".

Compiling the C compiler identification source file "CMakeCCompilerId.c" failed.
Compiler: /opt/cray/pe/craype/2.5.18/bin/ftn 
Build flags: 
Id flags: -Aa 

The output was:
1
ifort: command line warning #10006: ignoring unknown option '-Aa'
CMakeCCompilerId.c: file not recognized: file format not recognized


Compiling the C compiler identification source file "CMakeCCompilerId.c" failed.
Compiler: /opt/cray/pe/craype/2.5.18/bin/ftn 
Build flags: 
Id flags: -D__CLASSIC_C__ 

The output was:
1
CMakeCCompilerId.c: file not recognized: file format not recognized


Checking whether the C compiler is IAR using "" did not match "IAR .+ Compiler":
ifort: warning #10315: specifying -lm before files may supersede the Intel(R) math library and affect performance
ifort: warning #10315: specifying -lm before files may supersede the Intel(R) math library and affect performance
ifort: warning #10315: specifying -lm before files may supersede the Intel(R) math library and affect performance
ifort: warning #10315: specifying -lm before files may supersede the Intel(R) math library and affect performance
/usr/bin/ld: /opt/intel/compilers_and_libraries_2019.3.199/linux/compiler/lib/intel64_lin/for_main.o: in function `main':
for_main.c:(.text+0x2e): undefined reference to `MAIN__'
/usr/bin/ld: link errors found, deleting executable `a.out'
Checking whether the C compiler is IAR using "" did not match "IAR .+ Compiler":
ifort: warning #10315: specifying -lm before files may supersede the Intel(R) math library and affect performance
ifort: warning #10315: specifying -lm before files may supersede the Intel(R) math library and affect performance
ifort: warning #10315: specifying -lm before files may supersede the Intel(R) math library and affect performance
ifort: warning #10315: specifying -lm before files may supersede the Intel(R) math library and affect performance
/usr/bin/ld: /opt/intel/compilers_and_libraries_2019.3.199/linux/compiler/lib/intel64_lin/for_main.o: in function `main':
for_main.c:(.text+0x2e): undefined reference to `MAIN__'
/usr/bin/ld: link errors found, deleting executable `a.out'
Determining if the C compiler works failed with the following output:
Change Dir: /global/homes/d/damilare/wdmapp_coupling/drv/build/CMakeFiles/CMakeTmp

Run Build Command:"/usr/bin/gmake" "cmTC_1acf7/fast"
/usr/bin/gmake -f CMakeFiles/cmTC_1acf7.dir/build.make CMakeFiles/cmTC_1acf7.dir/build
gmake[1]: Entering directory '/global/u2/d/damilare/wdmapp_coupling/drv/build/CMakeFiles/CMakeTmp'
Building C object CMakeFiles/cmTC_1acf7.dir/testCCompiler.c.o
/opt/cray/pe/craype/2.5.18/bin/ftn    -o CMakeFiles/cmTC_1acf7.dir/testCCompiler.c.o   -c /global/homes/d/damilare/wdmapp_coupling/drv/build/CMakeFiles/CMakeTmp/testCCompiler.c
ifort: warning #10145: no action performed for file '/global/homes/d/damilare/wdmapp_coupling/drv/build/CMakeFiles/CMakeTmp/testCCompiler.c'
Linking C executable cmTC_1acf7
/usr/bin/cmake -E cmake_link_script CMakeFiles/cmTC_1acf7.dir/link.txt --verbose=1
/opt/cray/pe/craype/2.5.18/bin/ftn      CMakeFiles/cmTC_1acf7.dir/testCCompiler.c.o  -o cmTC_1acf7 
ifort: error #10236: File not found:  'CMakeFiles/cmTC_1acf7.dir/testCCompiler.c.o'
ifort: warning #10315: specifying -lm before files may supersede the Intel(R) math library and affect performance
ifort: warning #10315: specifying -lm before files may supersede the Intel(R) math library and affect performance
ifort: warning #10315: specifying -lm before files may supersede the Intel(R) math library and affect performance
ifort: warning #10315: specifying -lm before files may supersede the Intel(R) math library and affect performance
gmake[1]: *** [CMakeFiles/cmTC_1acf7.dir/build.make:98: cmTC_1acf7] Error 1
gmake[1]: Leaving directory '/global/u2/d/damilare/wdmapp_coupling/drv/build/CMakeFiles/CMakeTmp'
gmake: *** [Makefile:126: cmTC_1acf7/fast] Error 2


